<?xml version="1.0" encoding="UTF-8"?>
<robot generator="Robot 7.2.2 (Python 3.13.3 on win32)" generated="2025-05-18T15:51:55.262467" rpa="false" schemaversion="5">
<suite id="s1" name="Siemens OnBoardingTasks" source="C:\Users\fathi\Desktop\Siemens\Projects\Siemens_OnBoardingTasks">
<suite id="s1-s1" name="Api Testing Onboarding" source="C:\Users\fathi\Desktop\Siemens\Projects\Siemens_OnBoardingTasks\api_testing_onboarding">
<suite id="s1-s1-s1" name="Robot-Framework" source="C:\Users\fathi\Desktop\Siemens\Projects\Siemens_OnBoardingTasks\api_testing_onboarding\robot-framework">
<suite id="s1-s1-s1-s1" name="Tests" source="C:\Users\fathi\Desktop\Siemens\Projects\Siemens_OnBoardingTasks\api_testing_onboarding\robot-framework\tests">
<suite id="s1-s1-s1-s1-s1" name="Pet Api Tests" source="C:\Users\fathi\Desktop\Siemens\Projects\Siemens_OnBoardingTasks\api_testing_onboarding\robot-framework\tests\pet_api_tests.robot">
<test id="s1-s1-s1-s1-s1-t1" name="Add New Pet" line="11">
<kw name="Create Pet Payload" owner="keywords">
<kw name="Create Dictionary" owner="BuiltIn">
<msg time="2025-05-18T15:51:55.807598" level="INFO">&amp;{category} = { id=0 | name=dogs }</msg>
<var>&amp;{category}</var>
<arg>id=${category_id}</arg>
<arg>name=${category_name}</arg>
<doc>Creates and returns a dictionary based on the given ``items``.</doc>
<status status="PASS" start="2025-05-18T15:51:55.807265" elapsed="0.000372"/>
</kw>
<kw name="Create Dictionary" owner="BuiltIn">
<msg time="2025-05-18T15:51:55.808014" level="INFO">&amp;{tag} = { id=1 | name=dog1 }</msg>
<var>&amp;{tag}</var>
<arg>id=${tag_id}</arg>
<arg>name=${tag_name}</arg>
<doc>Creates and returns a dictionary based on the given ``items``.</doc>
<status status="PASS" start="2025-05-18T15:51:55.807774" elapsed="0.000279"/>
</kw>
<kw name="Create List" owner="BuiltIn">
<msg time="2025-05-18T15:51:55.808295" level="INFO">@{photo_urls} = [ https://st.depositphotos.com/1007630/2727/i/450/depositphotos_27276047-stock-photo-portrait-of-two-young-beauty.jpg ]</msg>
<var>@{photo_urls}</var>
<arg>${photo_url}</arg>
<doc>Returns a list containing given items.</doc>
<status status="PASS" start="2025-05-18T15:51:55.808153" elapsed="0.000167"/>
</kw>
<kw name="Create List" owner="BuiltIn">
<msg time="2025-05-18T15:51:55.808558" level="INFO">@{tags} = [ {'id': '1', 'name': 'dog1'} ]</msg>
<var>@{tags}</var>
<arg>${tag}</arg>
<doc>Returns a list containing given items.</doc>
<status status="PASS" start="2025-05-18T15:51:55.808416" elapsed="0.000165"/>
</kw>
<kw name="Create Dictionary" owner="BuiltIn">
<msg time="2025-05-18T15:51:55.809028" level="INFO">&amp;{pay_load} = { id=9991 | category={'id': '0', 'name': 'dogs'} | name=bero | photoUrls=['https://st.depositphotos.com/1007630/2727/i/450/depositphotos_27276047-stock-photo-portrait-of-two-young-beauty.jpg'] | tags=...</msg>
<var>&amp;{pay_load}</var>
<arg>id=${pet_id}</arg>
<arg>category=${category}</arg>
<arg>name=${pet_name}</arg>
<arg>photoUrls=${photo_urls}</arg>
<arg>tags=${tags}</arg>
<arg>status=${status}</arg>
<doc>Creates and returns a dictionary based on the given ``items``.</doc>
<status status="PASS" start="2025-05-18T15:51:55.808678" elapsed="0.000379"/>
</kw>
<kw name="Return From Keyword" owner="BuiltIn">
<msg time="2025-05-18T15:51:55.809226" level="INFO">Returning from the enclosing user keyword.</msg>
<arg>${pay_load}</arg>
<doc>Returns from the enclosing user keyword.</doc>
<status status="PASS" start="2025-05-18T15:51:55.809163" elapsed="0.000122"/>
</kw>
<msg time="2025-05-18T15:51:55.809449" level="INFO">&amp;{NEW_PET} = { id=9991 | category={'id': '0', 'name': 'dogs'} | name=bero | photoUrls=['https://st.depositphotos.com/1007630/2727/i/450/depositphotos_27276047-stock-photo-portrait-of-two-young-beauty.jpg'] | tags=...</msg>
<var>&amp;{NEW_PET}</var>
<arg>9991</arg>
<arg>0</arg>
<arg>dogs</arg>
<arg>bero</arg>
<arg>https://st.depositphotos.com/1007630/2727/i/450/depositphotos_27276047-stock-photo-portrait-of-two-young-beauty.jpg</arg>
<arg>1</arg>
<arg>dog1</arg>
<arg>available</arg>
<status status="PASS" start="2025-05-18T15:51:55.806658" elapsed="0.002816"/>
</kw>
<kw name="Set Global Variable" owner="BuiltIn">
<msg time="2025-05-18T15:51:55.810220" level="INFO">&amp;{NEW_PET} = { id=9991 | category={'id': '0', 'name': 'dogs'} | name=bero | photoUrls=['https://st.depositphotos.com/1007630/2727/i/450/depositphotos_27276047-stock-photo-portrait-of-two-young-beauty.jpg'] | tags=...</msg>
<arg>&amp;{NEW_PET}</arg>
<doc>Makes a variable available globally in all tests and suites.</doc>
<status status="PASS" start="2025-05-18T15:51:55.809952" elapsed="0.000313"/>
</kw>
<kw name="POST" owner="RequestsLibrary">
<msg time="2025-05-18T15:51:57.368899" level="INFO">POST Request : url=https://petstore.swagger.io/v2/pet 
 path_url=/v2/pet 
 headers={'User-Agent': 'python-requests/2.32.3', 'Accept-Encoding': 'gzip, deflate', 'Accept': '*/*', 'Connection': 'keep-alive', 'Content-Length': '267', 'Content-Type': 'application/json'} 
 body=b'{"id": "9991", "category": {"id": "0", "name": "dogs"}, "name": "bero", "photoUrls": ["https://st.depositphotos.com/1007630/2727/i/450/depositphotos_27276047-stock-photo-portrait-of-two-young-beauty.jpg"], "tags": [{"id": "1", "name": "dog1"}], "status": "available"}' 
 </msg>
<msg time="2025-05-18T15:51:57.369124" level="INFO">POST Response : url=https://petstore.swagger.io/v2/pet 
 status=200, reason=OK 
 headers={'Date': 'Sun, 18 May 2025 12:51:58 GMT', 'Content-Type': 'application/json', 'Transfer-Encoding': 'chunked', 'Connection': 'keep-alive', 'Access-Control-Allow-Origin': '*', 'Access-Control-Allow-Methods': 'GET, POST, DELETE, PUT', 'Access-Control-Allow-Headers': 'Content-Type, api_key, Authorization', 'Server': 'Jetty(9.2.9.v20150224)'} 
 body={"id":9991,"category":{"id":0,"name":"dogs"},"name":"bero","photoUrls":["https://st.depositphotos.com/1007630/2727/i/450/depositphotos_27276047-stock-photo-portrait-of-two-young-beauty.jpg"],"tags":[{"id":1,"name":"dog1"}],"status":"available"} 
 </msg>
<msg time="2025-05-18T15:51:57.369271" level="INFO">${payload_response} = &lt;Response [200]&gt;</msg>
<var>${payload_response}</var>
<arg>${PET_END_POINT}</arg>
<arg>json=${NEW_PET}</arg>
<arg>expected_status=200</arg>
<doc>Sends a POST request.</doc>
<status status="PASS" start="2025-05-18T15:51:55.810715" elapsed="1.558583"/>
</kw>
<kw name="Should Be Equal As Integers" owner="BuiltIn">
<msg time="2025-05-18T15:51:57.370869" level="INFO">Argument types are:
&lt;class 'int'&gt;
&lt;class 'str'&gt;</msg>
<arg>${payload_response.json()}[id]</arg>
<arg>${NEW_PET}[id]</arg>
<doc>Fails if objects are unequal after converting them to integers.</doc>
<status status="PASS" start="2025-05-18T15:51:57.369793" elapsed="0.001166"/>
</kw>
<doc>This Test Case Tests The POST Pet EndPoint</doc>
<tag>APIs</tag>
<status status="PASS" start="2025-05-18T15:51:55.805928" elapsed="1.565577"/>
</test>
<test id="s1-s1-s1-s1-s1-t2" name="GET The New Pet" line="21">
<kw name="GET" owner="RequestsLibrary">
<msg time="2025-05-18T15:51:57.914582" level="INFO">GET Request : url=https://petstore.swagger.io/v2/pet/9991 
 path_url=/v2/pet/9991 
 headers={'User-Agent': 'python-requests/2.32.3', 'Accept-Encoding': 'gzip, deflate', 'Accept': '*/*', 'Connection': 'keep-alive'} 
 body=None 
 </msg>
<msg time="2025-05-18T15:51:57.914705" level="INFO">GET Response : url=https://petstore.swagger.io/v2/pet/9991 
 status=200, reason=OK 
 headers={'Date': 'Sun, 18 May 2025 12:51:59 GMT', 'Content-Type': 'application/json', 'Transfer-Encoding': 'chunked', 'Connection': 'keep-alive', 'Access-Control-Allow-Origin': '*', 'Access-Control-Allow-Methods': 'GET, POST, DELETE, PUT', 'Access-Control-Allow-Headers': 'Content-Type, api_key, Authorization', 'Server': 'Jetty(9.2.9.v20150224)'} 
 body={"id":9991,"category":{"id":0,"name":"dogs"},"name":"bero","photoUrls":["https://st.depositphotos.com/1007630/2727/i/450/depositphotos_27276047-stock-photo-portrait-of-two-young-beauty.jpg"],"tags":[{"id":1,"name":"dog1"}],"status":"available"} 
 </msg>
<msg time="2025-05-18T15:51:57.914887" level="INFO">${pet_response} = &lt;Response [200]&gt;</msg>
<var>${pet_response}</var>
<arg>${PET_END_POINT}/${NEW_PET}[id]</arg>
<arg>expected_status=200</arg>
<doc>Sends a GET request.</doc>
<status status="PASS" start="2025-05-18T15:51:57.373096" elapsed="0.541995"/>
</kw>
<kw name="Should Be Equal As Integers" owner="BuiltIn">
<msg time="2025-05-18T15:51:57.916639" level="INFO">Argument types are:
&lt;class 'int'&gt;
&lt;class 'str'&gt;</msg>
<arg>${pet_response.json()}[id]</arg>
<arg>${NEW_PET}[id]</arg>
<doc>Fails if objects are unequal after converting them to integers.</doc>
<status status="PASS" start="2025-05-18T15:51:57.915921" elapsed="0.000785"/>
</kw>
<kw name="Should Be Equal As Strings" owner="BuiltIn">
<arg>${pet_response.json()}[name]</arg>
<arg>${NEW_PET}[name]</arg>
<doc>Fails if objects are unequal after converting them to strings.</doc>
<status status="PASS" start="2025-05-18T15:51:57.917199" elapsed="0.000477"/>
</kw>
<doc>This Test Case Tests The GET Pet By Id Endpoint</doc>
<tag>APIs</tag>
<status status="PASS" start="2025-05-18T15:51:57.372437" elapsed="0.545711"/>
</test>
<test id="s1-s1-s1-s1-s1-t3" name="Update The Pet" line="28">
<kw name="Create Pet Payload" owner="keywords">
<kw name="Create Dictionary" owner="BuiltIn">
<msg time="2025-05-18T15:51:57.919963" level="INFO">&amp;{category} = { id=0 | name=dogs }</msg>
<var>&amp;{category}</var>
<arg>id=${category_id}</arg>
<arg>name=${category_name}</arg>
<doc>Creates and returns a dictionary based on the given ``items``.</doc>
<status status="PASS" start="2025-05-18T15:51:57.919740" elapsed="0.000249"/>
</kw>
<kw name="Create Dictionary" owner="BuiltIn">
<msg time="2025-05-18T15:51:57.920283" level="INFO">&amp;{tag} = { id=1 | name=dog1 }</msg>
<var>&amp;{tag}</var>
<arg>id=${tag_id}</arg>
<arg>name=${tag_name}</arg>
<doc>Creates and returns a dictionary based on the given ``items``.</doc>
<status status="PASS" start="2025-05-18T15:51:57.920084" elapsed="0.000224"/>
</kw>
<kw name="Create List" owner="BuiltIn">
<msg time="2025-05-18T15:51:57.920539" level="INFO">@{photo_urls} = [ https://st.depositphotos.com/1007630/2727/i/450/depositphotos_27276047-stock-photo-portrait-of-two-young-beauty.jpg ]</msg>
<var>@{photo_urls}</var>
<arg>${photo_url}</arg>
<doc>Returns a list containing given items.</doc>
<status status="PASS" start="2025-05-18T15:51:57.920404" elapsed="0.000158"/>
</kw>
<kw name="Create List" owner="BuiltIn">
<msg time="2025-05-18T15:51:57.920772" level="INFO">@{tags} = [ {'id': '1', 'name': 'dog1'} ]</msg>
<var>@{tags}</var>
<arg>${tag}</arg>
<doc>Returns a list containing given items.</doc>
<status status="PASS" start="2025-05-18T15:51:57.920643" elapsed="0.000152"/>
</kw>
<kw name="Create Dictionary" owner="BuiltIn">
<msg time="2025-05-18T15:51:57.921195" level="INFO">&amp;{pay_load} = { id=9991 | category={'id': '0', 'name': 'dogs'} | name=bero_updated | photoUrls=['https://st.depositphotos.com/1007630/2727/i/450/depositphotos_27276047-stock-photo-portrait-of-two-young-beauty.jpg']...</msg>
<var>&amp;{pay_load}</var>
<arg>id=${pet_id}</arg>
<arg>category=${category}</arg>
<arg>name=${pet_name}</arg>
<arg>photoUrls=${photo_urls}</arg>
<arg>tags=${tags}</arg>
<arg>status=${status}</arg>
<doc>Creates and returns a dictionary based on the given ``items``.</doc>
<status status="PASS" start="2025-05-18T15:51:57.920883" elapsed="0.000339"/>
</kw>
<kw name="Return From Keyword" owner="BuiltIn">
<msg time="2025-05-18T15:51:57.921392" level="INFO">Returning from the enclosing user keyword.</msg>
<arg>${pay_load}</arg>
<doc>Returns from the enclosing user keyword.</doc>
<status status="PASS" start="2025-05-18T15:51:57.921326" elapsed="0.000120"/>
</kw>
<msg time="2025-05-18T15:51:57.921613" level="INFO">&amp;{UPDATED_PET} = { id=9991 | category={'id': '0', 'name': 'dogs'} | name=bero_updated | photoUrls=['https://st.depositphotos.com/1007630/2727/i/450/depositphotos_27276047-stock-photo-portrait-of-two-young-beauty.jpg']...</msg>
<var>&amp;{UPDATED_PET}</var>
<arg>${NEW_PET}[id]</arg>
<arg>0</arg>
<arg>dogs</arg>
<arg>bero_updated</arg>
<arg>https://st.depositphotos.com/1007630/2727/i/450/depositphotos_27276047-stock-photo-portrait-of-two-young-beauty.jpg</arg>
<arg>1</arg>
<arg>dog1</arg>
<arg>sold</arg>
<status status="PASS" start="2025-05-18T15:51:57.919418" elapsed="0.002221"/>
</kw>
<kw name="Set Global Variable" owner="BuiltIn">
<msg time="2025-05-18T15:51:57.922266" level="INFO">&amp;{NEW_PET} = { id=9991 | category={'id': '0', 'name': 'dogs'} | name=bero_updated | photoUrls=['https://st.depositphotos.com/1007630/2727/i/450/depositphotos_27276047-stock-photo-portrait-of-two-young-beauty.jpg']...</msg>
<arg>&amp;{NEW_PET}</arg>
<arg>&amp;{UPDATED_PET}</arg>
<doc>Makes a variable available globally in all tests and suites.</doc>
<status status="PASS" start="2025-05-18T15:51:57.921957" elapsed="0.000350"/>
</kw>
<kw name="PUT" owner="RequestsLibrary">
<msg time="2025-05-18T15:51:58.448834" level="INFO">PUT Request : url=https://petstore.swagger.io/v2/pet 
 path_url=/v2/pet 
 headers={'User-Agent': 'python-requests/2.32.3', 'Accept-Encoding': 'gzip, deflate', 'Accept': '*/*', 'Connection': 'keep-alive', 'Content-Length': '270', 'Content-Type': 'application/json'} 
 body=b'{"id": "9991", "category": {"id": "0", "name": "dogs"}, "name": "bero_updated", "photoUrls": ["https://st.depositphotos.com/1007630/2727/i/450/depositphotos_27276047-stock-photo-portrait-of-two-young-beauty.jpg"], "tags": [{"id": "1", "name": "dog1"}], "status": "sold"}' 
 </msg>
<msg time="2025-05-18T15:51:58.448909" level="INFO">PUT Response : url=https://petstore.swagger.io/v2/pet 
 status=200, reason=OK 
 headers={'Date': 'Sun, 18 May 2025 12:51:59 GMT', 'Content-Type': 'application/json', 'Transfer-Encoding': 'chunked', 'Connection': 'keep-alive', 'Access-Control-Allow-Origin': '*', 'Access-Control-Allow-Methods': 'GET, POST, DELETE, PUT', 'Access-Control-Allow-Headers': 'Content-Type, api_key, Authorization', 'Server': 'Jetty(9.2.9.v20150224)'} 
 body={"id":9991,"category":{"id":0,"name":"dogs"},"name":"bero_updated","photoUrls":["https://st.depositphotos.com/1007630/2727/i/450/depositphotos_27276047-stock-photo-portrait-of-two-young-beauty.jpg"],"tags":[{"id":1,"name":"dog1"}],"status":"sold"} 
 </msg>
<msg time="2025-05-18T15:51:58.449025" level="INFO">${update_response} = &lt;Response [200]&gt;</msg>
<var>${update_response}</var>
<arg>${PET_END_POINT}</arg>
<arg>json=${UPDATED_PET}</arg>
<arg>expected_status=200</arg>
<doc>Sends a PUT request.</doc>
<status status="PASS" start="2025-05-18T15:51:57.922737" elapsed="0.526313"/>
</kw>
<kw name="Should Be Equal As Integers" owner="BuiltIn">
<msg time="2025-05-18T15:51:58.449943" level="INFO">Argument types are:
&lt;class 'int'&gt;
&lt;class 'str'&gt;</msg>
<arg>${update_response.json()}[id]</arg>
<arg>${UPDATED_PET}[id]</arg>
<doc>Fails if objects are unequal after converting them to integers.</doc>
<status status="PASS" start="2025-05-18T15:51:58.449512" elapsed="0.000483"/>
</kw>
<kw name="Should Be Equal As Strings" owner="BuiltIn">
<arg>${update_response.json()}[name]</arg>
<arg>bero_updated</arg>
<doc>Fails if objects are unequal after converting them to strings.</doc>
<status status="PASS" start="2025-05-18T15:51:58.450390" elapsed="0.000425"/>
</kw>
<kw name="Should Be Equal As Strings" owner="BuiltIn">
<arg>${update_response.json()}[status]</arg>
<arg>sold</arg>
<doc>Fails if objects are unequal after converting them to strings.</doc>
<status status="PASS" start="2025-05-18T15:51:58.451284" elapsed="0.000378"/>
</kw>
<doc>This Test Case Tests The PUT Pet Endpoint</doc>
<tag>APIs</tag>
<status status="PASS" start="2025-05-18T15:51:57.918990" elapsed="0.533129"/>
</test>
<test id="s1-s1-s1-s1-s1-t4" name="Delete The Pet" line="40">
<kw name="DELETE" owner="RequestsLibrary">
<msg time="2025-05-18T15:51:58.989018" level="INFO">DELETE Request : url=https://petstore.swagger.io/v2/pet/9991 
 path_url=/v2/pet/9991 
 headers={'User-Agent': 'python-requests/2.32.3', 'Accept-Encoding': 'gzip, deflate', 'Accept': '*/*', 'Connection': 'keep-alive', 'Content-Length': '0'} 
 body=None 
 </msg>
<msg time="2025-05-18T15:51:58.989442" level="INFO">DELETE Response : url=https://petstore.swagger.io/v2/pet/9991 
 status=200, reason=OK 
 headers={'Date': 'Sun, 18 May 2025 12:52:00 GMT', 'Content-Type': 'application/json', 'Transfer-Encoding': 'chunked', 'Connection': 'keep-alive', 'Access-Control-Allow-Origin': '*', 'Access-Control-Allow-Methods': 'GET, POST, DELETE, PUT', 'Access-Control-Allow-Headers': 'Content-Type, api_key, Authorization', 'Server': 'Jetty(9.2.9.v20150224)'} 
 body={"code":200,"type":"unknown","message":"9991"} 
 </msg>
<msg time="2025-05-18T15:51:58.989603" level="INFO">${delete_response} = &lt;Response [200]&gt;</msg>
<var>${delete_response}</var>
<arg>${PET_END_POINT}/${NEW_PET}[id]</arg>
<arg>expected_status=200</arg>
<doc>Sends a DELETE request.</doc>
<status status="PASS" start="2025-05-18T15:51:58.453677" elapsed="0.535952"/>
</kw>
<kw name="Should Contain" owner="BuiltIn">
<arg>${delete_response.text}</arg>
<arg>${NEW_PET}[id]</arg>
<doc>Fails if ``container`` does not contain ``item`` one or more times.</doc>
<status status="PASS" start="2025-05-18T15:51:58.990042" elapsed="0.000454"/>
</kw>
<doc>This Test Case Tests The DELETE Pet By Id Endpoint</doc>
<tag>APIs</tag>
<status status="PASS" start="2025-05-18T15:51:58.453125" elapsed="0.537810"/>
</test>
<test id="s1-s1-s1-s1-s1-t5" name="Verify Pet Is Deleted" line="46">
<kw name="GET" owner="RequestsLibrary">
<msg time="2025-05-18T15:51:59.521469" level="INFO">GET Request : url=https://petstore.swagger.io/v2/pet/9991 
 path_url=/v2/pet/9991 
 headers={'User-Agent': 'python-requests/2.32.3', 'Accept-Encoding': 'gzip, deflate', 'Accept': '*/*', 'Connection': 'keep-alive'} 
 body=None 
 </msg>
<msg time="2025-05-18T15:51:59.521546" level="INFO">GET Response : url=https://petstore.swagger.io/v2/pet/9991 
 status=200, reason=OK 
 headers={'Date': 'Sun, 18 May 2025 12:52:00 GMT', 'Content-Type': 'application/json', 'Transfer-Encoding': 'chunked', 'Connection': 'keep-alive', 'Access-Control-Allow-Origin': '*', 'Access-Control-Allow-Methods': 'GET, POST, DELETE, PUT', 'Access-Control-Allow-Headers': 'Content-Type, api_key, Authorization', 'Server': 'Jetty(9.2.9.v20150224)'} 
 body={"id":9991,"category":{"id":0,"name":"dogs"},"name":"bero_updated","photoUrls":["https://st.depositphotos.com/1007630/2727/i/450/depositphotos_27276047-stock-photo-portrait-of-two-young-beauty.jpg"],"tags":[{"id":1,"name":"dog1"}],"status":"sold"} 
 </msg>
<msg time="2025-05-18T15:51:59.521670" level="FAIL">Url: https://petstore.swagger.io/v2/pet/9991 Expected status: 200 != 404</msg>
<var>${response}</var>
<arg>${PET_END_POINT}/${NEW_PET}[id]</arg>
<arg>expected_status=404</arg>
<doc>Sends a GET request.</doc>
<status status="FAIL" start="2025-05-18T15:51:58.992368" elapsed="0.535741">Url: https://petstore.swagger.io/v2/pet/9991 Expected status: 200 != 404</status>
</kw>
<kw name="Should Contain" owner="BuiltIn">
<arg>${response.text}</arg>
<arg>Pet not found</arg>
<doc>Fails if ``container`` does not contain ``item`` one or more times.</doc>
<status status="NOT RUN" start="2025-05-18T15:51:59.528684" elapsed="0.000027"/>
</kw>
<doc>This Test Case Verifies That Deleted Pet Cannot Be Retrieved</doc>
<tag>APIs</tag>
<status status="FAIL" start="2025-05-18T15:51:58.991875" elapsed="0.537498">Url: https://petstore.swagger.io/v2/pet/9991 Expected status: 200 != 404</status>
</test>
<doc>This  File is to Test APIs of the pet store</doc>
<status status="FAIL" start="2025-05-18T15:51:55.296895" elapsed="4.234386"/>
</suite>
<status status="FAIL" start="2025-05-18T15:51:55.295259" elapsed="4.237720"/>
</suite>
<status status="FAIL" start="2025-05-18T15:51:55.291251" elapsed="4.243609"/>
</suite>
<status status="FAIL" start="2025-05-18T15:51:55.289678" elapsed="4.247156"/>
</suite>
<status status="FAIL" start="2025-05-18T15:51:55.264023" elapsed="4.274431"/>
</suite>
<statistics>
<total>
<stat pass="4" fail="1" skip="0">All Tests</stat>
</total>
<tag>
<stat pass="4" fail="1" skip="0">APIs</stat>
</tag>
<suite>
<stat name="Siemens OnBoardingTasks" id="s1" pass="4" fail="1" skip="0">Siemens OnBoardingTasks</stat>
<stat name="Api Testing Onboarding" id="s1-s1" pass="4" fail="1" skip="0">Siemens OnBoardingTasks.Api Testing Onboarding</stat>
<stat name="Robot-Framework" id="s1-s1-s1" pass="4" fail="1" skip="0">Siemens OnBoardingTasks.Api Testing Onboarding.Robot-Framework</stat>
<stat name="Tests" id="s1-s1-s1-s1" pass="4" fail="1" skip="0">Siemens OnBoardingTasks.Api Testing Onboarding.Robot-Framework.Tests</stat>
<stat name="Pet Api Tests" id="s1-s1-s1-s1-s1" pass="4" fail="1" skip="0">Siemens OnBoardingTasks.Api Testing Onboarding.Robot-Framework.Tests.Pet Api Tests</stat>
</suite>
</statistics>
<errors>
</errors>
</robot>
