<?xml version="1.0" encoding="UTF-8"?>
<robot generator="Robot 7.2.2 (Python 3.13.3 on win32)" generated="2025-05-18T13:33:01.061993" rpa="false" schemaversion="5">
<suite id="s1" name="Test Demoblaze" source="C:\Users\fathi\Desktop\Siemens\Projects\Siemens_OnBoardingTasks\demoblaze-ui-tests\robot\tests\test_demoblaze.robot">
<test id="s1-t1" name="Verify Total Item Count Across All Pages" line="14">
<kw name="Open Edge On Landing Page" owner="resources" type="SETUP">
<kw name="Create Webdriver" owner="SeleniumLibrary">
<msg time="2025-05-18T13:33:02.225622" level="INFO">Creating an instance of the Chrome WebDriver.</msg>
<arg>Chrome</arg>
<doc>Creates an instance of Selenium WebDriver.</doc>
<status status="PASS" start="2025-05-18T13:33:02.225466" elapsed="2.429931"/>
</kw>
<kw name="Maximize Browser Window" owner="SeleniumLibrary">
<doc>Maximizes current browser window.</doc>
<status status="PASS" start="2025-05-18T13:33:04.655766" elapsed="0.035931"/>
</kw>
<kw name="Go To" owner="SeleniumLibrary">
<msg time="2025-05-18T13:33:04.692255" level="INFO">Opening url 'https://www.demoblaze.com/'</msg>
<arg>${landing_page}</arg>
<doc>Navigates the current browser window to the provided ``url``.</doc>
<status status="PASS" start="2025-05-18T13:33:04.691977" elapsed="1.314141"/>
</kw>
<kw name="Wait Until Page Contains Element" owner="SeleniumLibrary">
<arg>id:cat</arg>
<doc>Waits until the element ``locator`` appears on the current page.</doc>
<status status="PASS" start="2025-05-18T13:33:06.006615" elapsed="0.030417"/>
</kw>
<arg>https://www.demoblaze.com/</arg>
<status status="PASS" start="2025-05-18T13:33:02.223943" elapsed="3.813229"/>
</kw>
<kw name="Go To Home Page">
<kw name="Go To" owner="SeleniumLibrary">
<msg time="2025-05-18T13:33:06.038098" level="INFO">Opening url 'https://www.demoblaze.com/index.html'</msg>
<arg>https://www.demoblaze.com/index.html</arg>
<doc>Navigates the current browser window to the provided ``url``.</doc>
<status status="PASS" start="2025-05-18T13:33:06.037970" elapsed="0.382873"/>
</kw>
<kw name="Wait Until Element Is Visible" owner="SeleniumLibrary">
<arg>${cat_icon}</arg>
<arg>timeout=10s</arg>
<doc>Waits until the element ``locator`` is visible.</doc>
<status status="PASS" start="2025-05-18T13:33:06.421197" elapsed="0.158721"/>
</kw>
<status status="PASS" start="2025-05-18T13:33:06.037683" elapsed="0.542393"/>
</kw>
<kw name="Count All Items Across Pages">
<kw name="Create List" owner="BuiltIn">
<msg time="2025-05-18T13:33:06.580926" level="INFO">@{all_items} = [ ]</msg>
<var>@{all_items}</var>
<doc>Returns a list containing given items.</doc>
<status status="PASS" start="2025-05-18T13:33:06.580734" elapsed="0.000224"/>
</kw>
<while condition="True">
<iter>
<kw name="Get WebElements" owner="SeleniumLibrary">
<msg time="2025-05-18T13:33:06.594369" level="INFO">${elements} = []</msg>
<var>${elements}</var>
<arg>${item_cards}</arg>
<doc>Returns a list of WebElement objects matching the ``locator``.</doc>
<status status="PASS" start="2025-05-18T13:33:06.581299" elapsed="0.013159"/>
</kw>
<kw name="Combine Lists" owner="Collections">
<msg time="2025-05-18T13:33:06.594982" level="INFO">${all_items} = []</msg>
<var>${all_items}</var>
<arg>${all_items}</arg>
<arg>${elements}</arg>
<doc>Combines the given ``lists`` together and returns the result.</doc>
<status status="PASS" start="2025-05-18T13:33:06.594741" elapsed="0.000295"/>
</kw>
<kw name="Run Keyword And Return Status" owner="BuiltIn">
<kw name="Element Should Be Visible" owner="SeleniumLibrary">
<msg time="2025-05-18T13:33:06.615463" level="INFO">Element 'id:next2' is displayed.</msg>
<arg>${next_button}</arg>
<doc>Verifies that the element identified by ``locator`` is visible.</doc>
<status status="PASS" start="2025-05-18T13:33:06.595369" elapsed="0.020230"/>
</kw>
<msg time="2025-05-18T13:33:06.615826" level="INFO">${is_visible} = True</msg>
<var>${is_visible}</var>
<arg>Element Should Be Visible</arg>
<arg>${next_button}</arg>
<doc>Runs the given keyword with given arguments and returns the status as a Boolean value.</doc>
<status status="PASS" start="2025-05-18T13:33:06.595187" elapsed="0.020699"/>
</kw>
<kw name="Run Keyword If" owner="BuiltIn">
<arg>not ${is_visible}</arg>
<arg>Exit For Loop</arg>
<doc>Runs the given keyword with the given arguments, if ``condition`` is true.</doc>
<status status="PASS" start="2025-05-18T13:33:06.616132" elapsed="0.000774"/>
</kw>
<kw name="Click Button" owner="SeleniumLibrary">
<msg time="2025-05-18T13:33:06.617270" level="INFO">Clicking button 'id:next2'.</msg>
<arg>${next_button}</arg>
<doc>Clicks the button identified by ``locator``.</doc>
<status status="PASS" start="2025-05-18T13:33:06.617052" elapsed="0.127441"/>
</kw>
<kw name="Sleep" owner="BuiltIn">
<msg time="2025-05-18T13:33:08.745945" level="INFO">Slept 2 seconds.</msg>
<arg>2s</arg>
<doc>Pauses the test executed for the given time.</doc>
<status status="PASS" start="2025-05-18T13:33:06.744897" elapsed="2.001356"/>
</kw>
<status status="PASS" start="2025-05-18T13:33:06.581030" elapsed="2.165425"/>
</iter>
<iter>
<kw name="Get WebElements" owner="SeleniumLibrary">
<msg time="2025-05-18T13:33:08.769331" level="INFO">${elements} = [&lt;selenium.webdriver.remote.webelement.WebElement (session="5da0687d8dfb092e5efdc9035a69f139", element="f.0BEE5BFC6620E1525F3E064CFB48B545.d.D4CBB44BFEF1C4E86565B8DEB951F38D.e.2783")&gt;, &lt;selenium.webdr...</msg>
<var>${elements}</var>
<arg>${item_cards}</arg>
<doc>Returns a list of WebElement objects matching the ``locator``.</doc>
<status status="PASS" start="2025-05-18T13:33:08.747243" elapsed="0.022194"/>
</kw>
<kw name="Combine Lists" owner="Collections">
<msg time="2025-05-18T13:33:08.770315" level="INFO">${all_items} = [&lt;selenium.webdriver.remote.webelement.WebElement (session="5da0687d8dfb092e5efdc9035a69f139", element="f.0BEE5BFC6620E1525F3E064CFB48B545.d.D4CBB44BFEF1C4E86565B8DEB951F38D.e.2783")&gt;, &lt;selenium.webdr...</msg>
<var>${all_items}</var>
<arg>${all_items}</arg>
<arg>${elements}</arg>
<doc>Combines the given ``lists`` together and returns the result.</doc>
<status status="PASS" start="2025-05-18T13:33:08.769832" elapsed="0.000565"/>
</kw>
<kw name="Run Keyword And Return Status" owner="BuiltIn">
<kw name="Element Should Be Visible" owner="SeleniumLibrary">
<msg time="2025-05-18T13:33:08.794310" level="INFO">Element 'id:next2' is displayed.</msg>
<arg>${next_button}</arg>
<doc>Verifies that the element identified by ``locator`` is visible.</doc>
<status status="PASS" start="2025-05-18T13:33:08.771037" elapsed="0.023371"/>
</kw>
<msg time="2025-05-18T13:33:08.794558" level="INFO">${is_visible} = True</msg>
<var>${is_visible}</var>
<arg>Element Should Be Visible</arg>
<arg>${next_button}</arg>
<doc>Runs the given keyword with given arguments and returns the status as a Boolean value.</doc>
<status status="PASS" start="2025-05-18T13:33:08.770688" elapsed="0.023900"/>
</kw>
<kw name="Run Keyword If" owner="BuiltIn">
<arg>not ${is_visible}</arg>
<arg>Exit For Loop</arg>
<doc>Runs the given keyword with the given arguments, if ``condition`` is true.</doc>
<status status="PASS" start="2025-05-18T13:33:08.794743" elapsed="0.000188"/>
</kw>
<kw name="Click Button" owner="SeleniumLibrary">
<msg time="2025-05-18T13:33:08.795232" level="INFO">Clicking button 'id:next2'.</msg>
<arg>${next_button}</arg>
<doc>Clicks the button identified by ``locator``.</doc>
<status status="PASS" start="2025-05-18T13:33:08.795066" elapsed="0.069472"/>
</kw>
<kw name="Sleep" owner="BuiltIn">
<msg time="2025-05-18T13:33:10.865310" level="INFO">Slept 2 seconds.</msg>
<arg>2s</arg>
<doc>Pauses the test executed for the given time.</doc>
<status status="PASS" start="2025-05-18T13:33:08.864703" elapsed="2.000710"/>
</kw>
<status status="PASS" start="2025-05-18T13:33:08.746607" elapsed="2.118874"/>
</iter>
<iter>
<kw name="Get WebElements" owner="SeleniumLibrary">
<msg time="2025-05-18T13:33:10.873778" level="INFO">${elements} = [&lt;selenium.webdriver.remote.webelement.WebElement (session="5da0687d8dfb092e5efdc9035a69f139", element="f.0BEE5BFC6620E1525F3E064CFB48B545.d.D4CBB44BFEF1C4E86565B8DEB951F38D.e.2916")&gt;, &lt;selenium.webdr...</msg>
<var>${elements}</var>
<arg>${item_cards}</arg>
<doc>Returns a list of WebElement objects matching the ``locator``.</doc>
<status status="PASS" start="2025-05-18T13:33:10.865766" elapsed="0.008169"/>
</kw>
<kw name="Combine Lists" owner="Collections">
<msg time="2025-05-18T13:33:10.874312" level="INFO">${all_items} = [&lt;selenium.webdriver.remote.webelement.WebElement (session="5da0687d8dfb092e5efdc9035a69f139", element="f.0BEE5BFC6620E1525F3E064CFB48B545.d.D4CBB44BFEF1C4E86565B8DEB951F38D.e.2783")&gt;, &lt;selenium.webdr...</msg>
<var>${all_items}</var>
<arg>${all_items}</arg>
<arg>${elements}</arg>
<doc>Combines the given ``lists`` together and returns the result.</doc>
<status status="PASS" start="2025-05-18T13:33:10.874088" elapsed="0.000257"/>
</kw>
<kw name="Run Keyword And Return Status" owner="BuiltIn">
<kw name="Element Should Be Visible" owner="SeleniumLibrary">
<msg time="2025-05-18T13:33:11.056169" level="INFO" html="true">&lt;/td&gt;&lt;/tr&gt;&lt;tr&gt;&lt;td colspan="3"&gt;&lt;a href="selenium-screenshot-2.png"&gt;&lt;img src="selenium-screenshot-2.png" width="800px"&gt;&lt;/a&gt;</msg>
<msg time="2025-05-18T13:33:11.056519" level="FAIL">The element 'id:next2' should be visible, but it is not.</msg>
<arg>${next_button}</arg>
<doc>Verifies that the element identified by ``locator`` is visible.</doc>
<status status="FAIL" start="2025-05-18T13:33:10.874602" elapsed="0.233925">The element 'id:next2' should be visible, but it is not.</status>
</kw>
<msg time="2025-05-18T13:33:11.108675" level="INFO">${is_visible} = False</msg>
<var>${is_visible}</var>
<arg>Element Should Be Visible</arg>
<arg>${next_button}</arg>
<doc>Runs the given keyword with given arguments and returns the status as a Boolean value.</doc>
<status status="PASS" start="2025-05-18T13:33:10.874459" elapsed="0.234251"/>
</kw>
<kw name="Run Keyword If" owner="BuiltIn">
<kw name="Exit For Loop" owner="BuiltIn">
<msg time="2025-05-18T13:33:11.109356" level="INFO">Exiting for loop altogether.</msg>
<doc>Stops executing the enclosing FOR loop.</doc>
<status status="PASS" start="2025-05-18T13:33:11.109257" elapsed="0.000179"/>
</kw>
<arg>not ${is_visible}</arg>
<arg>Exit For Loop</arg>
<doc>Runs the given keyword with the given arguments, if ``condition`` is true.</doc>
<status status="PASS" start="2025-05-18T13:33:11.108911" elapsed="0.000603"/>
</kw>
<kw name="Click Button" owner="SeleniumLibrary">
<arg>${next_button}</arg>
<doc>Clicks the button identified by ``locator``.</doc>
<status status="NOT RUN" start="2025-05-18T13:33:11.109637" elapsed="0.000106"/>
</kw>
<kw name="Sleep" owner="BuiltIn">
<arg>2s</arg>
<doc>Pauses the test executed for the given time.</doc>
<status status="NOT RUN" start="2025-05-18T13:33:11.109866" elapsed="0.000030"/>
</kw>
<status status="PASS" start="2025-05-18T13:33:10.865528" elapsed="0.244411"/>
</iter>
<status status="PASS" start="2025-05-18T13:33:06.581029" elapsed="4.528949"/>
</while>
<kw name="Get Length" owner="BuiltIn">
<msg time="2025-05-18T13:33:11.110211" level="INFO">Length is 15.</msg>
<msg time="2025-05-18T13:33:11.110283" level="INFO">${total} = 15</msg>
<var>${total}</var>
<arg>${all_items}</arg>
<doc>Returns and logs the length of the given item as an integer.</doc>
<status status="PASS" start="2025-05-18T13:33:11.110080" elapsed="0.000228"/>
</kw>
<kw name="Return From Keyword" owner="BuiltIn">
<msg time="2025-05-18T13:33:11.110498" level="INFO">Returning from the enclosing user keyword.</msg>
<arg>${total}</arg>
<doc>Returns from the enclosing user keyword.</doc>
<status status="PASS" start="2025-05-18T13:33:11.110414" elapsed="0.000137"/>
</kw>
<msg time="2025-05-18T13:33:11.110687" level="INFO">${total_items} = 15</msg>
<var>${total_items}</var>
<status status="PASS" start="2025-05-18T13:33:06.580488" elapsed="4.530226"/>
</kw>
<kw name="Assert Total Count">
<kw name="Should Be Equal As Integers" owner="BuiltIn">
<msg time="2025-05-18T13:33:11.111809" level="INFO">Argument types are:
&lt;class 'int'&gt;
&lt;class 'str'&gt;</msg>
<arg>${actual}</arg>
<arg>${expected}</arg>
<arg>Expected ${expected} items but got ${actual}</arg>
<doc>Fails if objects are unequal after converting them to integers.</doc>
<status status="PASS" start="2025-05-18T13:33:11.111589" elapsed="0.000339"/>
</kw>
<arg>${total_items}</arg>
<arg>15</arg>
<status status="PASS" start="2025-05-18T13:33:11.111148" elapsed="0.000857"/>
</kw>
<kw name="Close Edge" owner="resources" type="TEARDOWN">
<kw name="Sleep" owner="BuiltIn">
<arg>2s</arg>
<doc>Pauses the test executed for the given time.</doc>
<status status="FAIL" start="2025-05-18T13:33:11.112841" elapsed="1.167112">Execution terminated by signal</status>
</kw>
<kw name="Close Browser" owner="SeleniumLibrary">
<doc>Closes the current browser.</doc>
<status status="NOT RUN" start="2025-05-18T13:33:12.280535" elapsed="0.000073"/>
</kw>
<status status="FAIL" start="2025-05-18T13:33:11.112508" elapsed="1.168250">Execution terminated by signal</status>
</kw>
<status status="FAIL" start="2025-05-18T13:33:02.223145" elapsed="10.057994">Teardown failed:
Execution terminated by signal</status>
</test>
<test id="s1-t2" name="Verify Item Description and Price" line="19">
<tag>robot:exit</tag>
<status status="FAIL" start="2025-05-18T13:33:12.282119" elapsed="0.000461">Test execution stopped due to a fatal error.</status>
</test>
<doc>Test suite for verifying Demoblaze functionality.</doc>
<status status="FAIL" start="2025-05-18T13:33:01.063736" elapsed="11.220550"/>
</suite>
<statistics>
<total>
<stat pass="0" fail="2" skip="0">All Tests</stat>
</total>
<tag>
<stat info="combined" combined="NOT robot:exit" pass="0" fail="1" skip="0">NOT robot:exit</stat>
</tag>
<suite>
<stat name="Test Demoblaze" id="s1" pass="0" fail="2" skip="0">Test Demoblaze</stat>
</suite>
</statistics>
<errors>
</errors>
</robot>
