<?xml version="1.0" encoding="UTF-8"?>
<robot generator="Robot 7.2.2 (Python 3.13.3 on win32)" generated="2025-05-25T14:20:06.048366" rpa="false" schemaversion="5">
<suite id="s1" name="Pet Api Tests" source="C:\Users\z0054tzy\Desktop\Personal\on boarding\Tasks\onboarding-tasks\api_testing_onboarding\robot-framework\tests\pet_api_tests.robot">
<test id="s1-t1" name="Add A New Pet To The Store" line="11">
<kw name="Add A Pet To The Store" owner="keywords">
<kw name="Create Pet Payload" owner="keywords">
<kw name="Create Dictionary" owner="BuiltIn">
<msg time="2025-05-25T14:20:06.138529" level="INFO">&amp;{category} = { id=0 | name=dogs }</msg>
<var>&amp;{category}</var>
<arg>id=${category_id}</arg>
<arg>name=${category_name}</arg>
<doc>Creates and returns a dictionary based on the given ``items``.</doc>
<status status="PASS" start="2025-05-25T14:20:06.138334" elapsed="0.000223"/>
</kw>
<kw name="Create Dictionary" owner="BuiltIn">
<msg time="2025-05-25T14:20:06.138779" level="INFO">&amp;{tag} = { id=1 | name=dog1 }</msg>
<var>&amp;{tag}</var>
<arg>id=${tag_id}</arg>
<arg>name=${tag_name}</arg>
<doc>Creates and returns a dictionary based on the given ``items``.</doc>
<status status="PASS" start="2025-05-25T14:20:06.138638" elapsed="0.000159"/>
</kw>
<kw name="Create List" owner="BuiltIn">
<msg time="2025-05-25T14:20:06.138943" level="INFO">@{photo_urls} = [ https://example.com/photo.jpg ]</msg>
<var>@{photo_urls}</var>
<arg>${photo_url}</arg>
<doc>Returns a list containing given items.</doc>
<status status="PASS" start="2025-05-25T14:20:06.138854" elapsed="0.000103"/>
</kw>
<kw name="Create List" owner="BuiltIn">
<msg time="2025-05-25T14:20:06.139085" level="INFO">@{tags} = [ {'id': '1', 'name': 'dog1'} ]</msg>
<var>@{tags}</var>
<arg>${tag}</arg>
<doc>Returns a list containing given items.</doc>
<status status="PASS" start="2025-05-25T14:20:06.139006" elapsed="0.000092"/>
</kw>
<kw name="Create Dictionary" owner="BuiltIn">
<msg time="2025-05-25T14:20:06.139337" level="INFO">&amp;{pay_load} = { id=9991 | category={'id': '0', 'name': 'dogs'} | name=bero | photoUrls=['https://example.com/photo.jpg'] | tags=[{'id': '1', 'name': 'dog1'}] | status=available }</msg>
<var>&amp;{pay_load}</var>
<arg>id=${pet_id}</arg>
<arg>category=${category}</arg>
<arg>name=${pet_name}</arg>
<arg>photoUrls=${photo_urls}</arg>
<arg>tags=${tags}</arg>
<arg>status=${status}</arg>
<doc>Creates and returns a dictionary based on the given ``items``.</doc>
<status status="PASS" start="2025-05-25T14:20:06.139149" elapsed="0.000204"/>
</kw>
<kw name="Return From Keyword" owner="BuiltIn">
<msg time="2025-05-25T14:20:06.139457" level="INFO">Returning from the enclosing user keyword.</msg>
<arg>${pay_load}</arg>
<doc>Returns from the enclosing user keyword.</doc>
<status status="PASS" start="2025-05-25T14:20:06.139415" elapsed="0.000084"/>
</kw>
<msg time="2025-05-25T14:20:06.139591" level="INFO">&amp;{NEW_PET} = { id=9991 | category={'id': '0', 'name': 'dogs'} | name=bero | photoUrls=['https://example.com/photo.jpg'] | tags=[{'id': '1', 'name': 'dog1'}] | status=available }</msg>
<var>&amp;{NEW_PET}</var>
<arg>${id}</arg>
<arg>0</arg>
<arg>dogs</arg>
<arg>${name}</arg>
<arg>https://example.com/photo.jpg</arg>
<arg>1</arg>
<arg>dog1</arg>
<arg>available</arg>
<status status="PASS" start="2025-05-25T14:20:06.137986" elapsed="0.001618"/>
</kw>
<kw name="Set Global Variable" owner="BuiltIn">
<msg time="2025-05-25T14:20:06.139811" level="INFO">&amp;{NEW_PET} = { id=9991 | category={'id': '0', 'name': 'dogs'} | name=bero | photoUrls=['https://example.com/photo.jpg'] | tags=[{'id': '1', 'name': 'dog1'}] | status=available }</msg>
<arg>&amp;{NEW_PET}</arg>
<doc>Makes a variable available globally in all tests and suites.</doc>
<status status="PASS" start="2025-05-25T14:20:06.139683" elapsed="0.000151"/>
</kw>
<kw name="POST" owner="RequestsLibrary">
<msg time="2025-05-25T14:20:06.877903" level="INFO">POST Request : url=https://petstore.swagger.io/v2/pet 
 path_url=/v2/pet 
 headers={'User-Agent': 'python-requests/2.30.0', 'Accept-Encoding': 'gzip, deflate', 'Accept': '*/*', 'Connection': 'keep-alive', 'Content-Length': '181', 'Content-Type': 'application/json'} 
 body=b'{"id": "9991", "category": {"id": "0", "name": "dogs"}, "name": "bero", "photoUrls": ["https://example.com/photo.jpg"], "tags": [{"id": "1", "name": "dog1"}], "status": "available"}' 
 </msg>
<msg time="2025-05-25T14:20:06.878081" level="INFO">POST Response : url=https://petstore.swagger.io/v2/pet 
 status=200, reason=OK 
 headers={'Date': 'Sun, 25 May 2025 11:20:06 GMT', 'Content-Type': 'application/json', 'Transfer-Encoding': 'chunked', 'Connection': 'keep-alive', 'Access-Control-Allow-Origin': '*', 'Access-Control-Allow-Methods': 'GET, POST, DELETE, PUT', 'Access-Control-Allow-Headers': 'Content-Type, api_key, Authorization', 'Server': 'Jetty(9.2.9.v20150224)'} 
 body={"id":9991,"category":{"id":0,"name":"dogs"},"name":"bero","photoUrls":["https://example.com/photo.jpg"],"tags":[{"id":1,"name":"dog1"}],"status":"available"} 
 </msg>
<msg time="2025-05-25T14:20:06.878247" level="INFO">${response} = &lt;Response [200]&gt;</msg>
<var>${response}</var>
<arg>${PET_END_POINT}</arg>
<arg>json=${NEW_PET}</arg>
<arg>expected_status=200</arg>
<doc>Sends a POST request.</doc>
<status status="PASS" start="2025-05-25T14:20:06.139882" elapsed="0.738398"/>
</kw>
<kw name="Should Be Equal As Integers" owner="BuiltIn">
<msg time="2025-05-25T14:20:06.879219" level="INFO">Argument types are:
&lt;class 'int'&gt;
&lt;class 'str'&gt;</msg>
<arg>${response.json()}[id]</arg>
<arg>${NEW_PET}[id]</arg>
<doc>Fails if objects are unequal after converting them to integers.</doc>
<status status="PASS" start="2025-05-25T14:20:06.878512" elapsed="0.000798"/>
</kw>
<arg>9991</arg>
<arg>bero</arg>
<status status="PASS" start="2025-05-25T14:20:06.137767" elapsed="0.741614"/>
</kw>
<doc>A pet should be successfully added to the store and receive a unique ID.</doc>
<tag>APIs</tag>
<status status="PASS" start="2025-05-25T14:20:06.137152" elapsed="0.742617"/>
</test>
<test id="s1-t2" name="View The Newly Added Pet" line="16">
<kw name="Verify The Pet Exists In The Store" owner="keywords">
<kw name="GET" owner="RequestsLibrary">
<msg time="2025-05-25T14:20:07.609034" level="INFO">GET Request : url=https://petstore.swagger.io/v2/pet/9991 
 path_url=/v2/pet/9991 
 headers={'User-Agent': 'python-requests/2.30.0', 'Accept-Encoding': 'gzip, deflate', 'Accept': '*/*', 'Connection': 'keep-alive'} 
 body=None 
 </msg>
<msg time="2025-05-25T14:20:07.609191" level="INFO">GET Response : url=https://petstore.swagger.io/v2/pet/9991 
 status=200, reason=OK 
 headers={'Date': 'Sun, 25 May 2025 11:20:07 GMT', 'Content-Type': 'application/json', 'Transfer-Encoding': 'chunked', 'Connection': 'keep-alive', 'Access-Control-Allow-Origin': '*', 'Access-Control-Allow-Methods': 'GET, POST, DELETE, PUT', 'Access-Control-Allow-Headers': 'Content-Type, api_key, Authorization', 'Server': 'Jetty(9.2.9.v20150224)'} 
 body={"id":9991,"category":{"id":0,"name":"dogs"},"name":"bero","photoUrls":["https://example.com/photo.jpg"],"tags":[{"id":1,"name":"dog1"}],"status":"available"} 
 </msg>
<msg time="2025-05-25T14:20:07.609380" level="INFO">${response} = &lt;Response [200]&gt;</msg>
<var>${response}</var>
<arg>${PET_END_POINT}/${NEW_PET}[id]</arg>
<arg>expected_status=200</arg>
<doc>Sends a GET request.</doc>
<status status="PASS" start="2025-05-25T14:20:06.881176" elapsed="0.728236"/>
</kw>
<kw name="Should Be Equal As Strings" owner="BuiltIn">
<arg>${response.json()}[name]</arg>
<arg>${NEW_PET}[name]</arg>
<doc>Fails if objects are unequal after converting them to strings.</doc>
<status status="PASS" start="2025-05-25T14:20:07.609619" elapsed="0.000761"/>
</kw>
<status status="PASS" start="2025-05-25T14:20:06.880982" elapsed="0.729488"/>
</kw>
<doc>After adding a pet, we should be able to retrieve its details.</doc>
<tag>APIs</tag>
<status status="PASS" start="2025-05-25T14:20:06.880370" elapsed="0.730526"/>
</test>
<test id="s1-t3" name="Update The Pet's Details" line="21">
<kw name="Update The Pet Details" owner="keywords">
<kw name="Create Pet Payload" owner="keywords">
<kw name="Create Dictionary" owner="BuiltIn">
<msg time="2025-05-25T14:20:07.613850" level="INFO">&amp;{category} = { id=0 | name=dogs }</msg>
<var>&amp;{category}</var>
<arg>id=${category_id}</arg>
<arg>name=${category_name}</arg>
<doc>Creates and returns a dictionary based on the given ``items``.</doc>
<status status="PASS" start="2025-05-25T14:20:07.613625" elapsed="0.000250"/>
</kw>
<kw name="Create Dictionary" owner="BuiltIn">
<msg time="2025-05-25T14:20:07.614108" level="INFO">&amp;{tag} = { id=1 | name=dog1 }</msg>
<var>&amp;{tag}</var>
<arg>id=${tag_id}</arg>
<arg>name=${tag_name}</arg>
<doc>Creates and returns a dictionary based on the given ``items``.</doc>
<status status="PASS" start="2025-05-25T14:20:07.613953" elapsed="0.000175"/>
</kw>
<kw name="Create List" owner="BuiltIn">
<msg time="2025-05-25T14:20:07.614305" level="INFO">@{photo_urls} = [ https://example.com/photo.jpg ]</msg>
<var>@{photo_urls}</var>
<arg>${photo_url}</arg>
<doc>Returns a list containing given items.</doc>
<status status="PASS" start="2025-05-25T14:20:07.614199" elapsed="0.000124"/>
</kw>
<kw name="Create List" owner="BuiltIn">
<msg time="2025-05-25T14:20:07.614485" level="INFO">@{tags} = [ {'id': '1', 'name': 'dog1'} ]</msg>
<var>@{tags}</var>
<arg>${tag}</arg>
<doc>Returns a list containing given items.</doc>
<status status="PASS" start="2025-05-25T14:20:07.614389" elapsed="0.000110"/>
</kw>
<kw name="Create Dictionary" owner="BuiltIn">
<msg time="2025-05-25T14:20:07.614723" level="INFO">&amp;{pay_load} = { id=9991 | category={'id': '0', 'name': 'dogs'} | name=bero_updated | photoUrls=['https://example.com/photo.jpg'] | tags=[{'id': '1', 'name': 'dog1'}] | status=sold }</msg>
<var>&amp;{pay_load}</var>
<arg>id=${pet_id}</arg>
<arg>category=${category}</arg>
<arg>name=${pet_name}</arg>
<arg>photoUrls=${photo_urls}</arg>
<arg>tags=${tags}</arg>
<arg>status=${status}</arg>
<doc>Creates and returns a dictionary based on the given ``items``.</doc>
<status status="PASS" start="2025-05-25T14:20:07.614548" elapsed="0.000189"/>
</kw>
<kw name="Return From Keyword" owner="BuiltIn">
<msg time="2025-05-25T14:20:07.614830" level="INFO">Returning from the enclosing user keyword.</msg>
<arg>${pay_load}</arg>
<doc>Returns from the enclosing user keyword.</doc>
<status status="PASS" start="2025-05-25T14:20:07.614796" elapsed="0.000077"/>
</kw>
<msg time="2025-05-25T14:20:07.614955" level="INFO">&amp;{UPDATED_PET} = { id=9991 | category={'id': '0', 'name': 'dogs'} | name=bero_updated | photoUrls=['https://example.com/photo.jpg'] | tags=[{'id': '1', 'name': 'dog1'}] | status=sold }</msg>
<var>&amp;{UPDATED_PET}</var>
<arg>${NEW_PET}[id]</arg>
<arg>0</arg>
<arg>dogs</arg>
<arg>${new_name}</arg>
<arg>https://example.com/photo.jpg</arg>
<arg>1</arg>
<arg>dog1</arg>
<arg>${status}</arg>
<status status="PASS" start="2025-05-25T14:20:07.613246" elapsed="0.001721"/>
</kw>
<kw name="Set Global Variable" owner="BuiltIn">
<msg time="2025-05-25T14:20:07.615184" level="INFO">&amp;{NEW_PET} = { id=9991 | category={'id': '0', 'name': 'dogs'} | name=bero_updated | photoUrls=['https://example.com/photo.jpg'] | tags=[{'id': '1', 'name': 'dog1'}] | status=sold }</msg>
<arg>&amp;{NEW_PET}</arg>
<arg>&amp;{UPDATED_PET}</arg>
<doc>Makes a variable available globally in all tests and suites.</doc>
<status status="PASS" start="2025-05-25T14:20:07.615028" elapsed="0.000178"/>
</kw>
<kw name="PUT" owner="RequestsLibrary">
<msg time="2025-05-25T14:20:08.345513" level="INFO">PUT Request : url=https://petstore.swagger.io/v2/pet 
 path_url=/v2/pet 
 headers={'User-Agent': 'python-requests/2.30.0', 'Accept-Encoding': 'gzip, deflate', 'Accept': '*/*', 'Connection': 'keep-alive', 'Content-Length': '184', 'Content-Type': 'application/json'} 
 body=b'{"id": "9991", "category": {"id": "0", "name": "dogs"}, "name": "bero_updated", "photoUrls": ["https://example.com/photo.jpg"], "tags": [{"id": "1", "name": "dog1"}], "status": "sold"}' 
 </msg>
<msg time="2025-05-25T14:20:08.345640" level="INFO">PUT Response : url=https://petstore.swagger.io/v2/pet 
 status=200, reason=OK 
 headers={'Date': 'Sun, 25 May 2025 11:20:08 GMT', 'Content-Type': 'application/json', 'Transfer-Encoding': 'chunked', 'Connection': 'keep-alive', 'Access-Control-Allow-Origin': '*', 'Access-Control-Allow-Methods': 'GET, POST, DELETE, PUT', 'Access-Control-Allow-Headers': 'Content-Type, api_key, Authorization', 'Server': 'Jetty(9.2.9.v20150224)'} 
 body={"id":9991,"category":{"id":0,"name":"dogs"},"name":"bero_updated","photoUrls":["https://example.com/photo.jpg"],"tags":[{"id":1,"name":"dog1"}],"status":"sold"} 
 </msg>
<msg time="2025-05-25T14:20:08.345788" level="INFO">${response} = &lt;Response [200]&gt;</msg>
<var>${response}</var>
<arg>${PET_END_POINT}</arg>
<arg>json=${UPDATED_PET}</arg>
<arg>expected_status=200</arg>
<doc>Sends a PUT request.</doc>
<status status="PASS" start="2025-05-25T14:20:07.615253" elapsed="0.730565"/>
</kw>
<kw name="Should Be Equal As Strings" owner="BuiltIn">
<arg>${response.json()}[name]</arg>
<arg>${new_name}</arg>
<doc>Fails if objects are unequal after converting them to strings.</doc>
<status status="PASS" start="2025-05-25T14:20:08.345992" elapsed="0.000325"/>
</kw>
<kw name="Should Be Equal As Strings" owner="BuiltIn">
<arg>${response.json()}[status]</arg>
<arg>${status}</arg>
<doc>Fails if objects are unequal after converting them to strings.</doc>
<status status="PASS" start="2025-05-25T14:20:08.346378" elapsed="0.000230"/>
</kw>
<arg>bero_updated</arg>
<arg>sold</arg>
<status status="PASS" start="2025-05-25T14:20:07.612884" elapsed="0.733761"/>
</kw>
<doc>The pet's details can be updated after it's created.</doc>
<tag>APIs</tag>
<status status="PASS" start="2025-05-25T14:20:07.611999" elapsed="0.734919"/>
</test>
<test id="s1-t4" name="Delete The Pet From The Store" line="26">
<kw name="Delete The Pet From The Store" owner="keywords">
<kw name="DELETE" owner="RequestsLibrary">
<msg time="2025-05-25T14:20:09.073464" level="INFO">DELETE Request : url=https://petstore.swagger.io/v2/pet/9991 
 path_url=/v2/pet/9991 
 headers={'User-Agent': 'python-requests/2.30.0', 'Accept-Encoding': 'gzip, deflate', 'Accept': '*/*', 'Connection': 'keep-alive', 'Content-Length': '0'} 
 body=None 
 </msg>
<msg time="2025-05-25T14:20:09.073580" level="INFO">DELETE Response : url=https://petstore.swagger.io/v2/pet/9991 
 status=200, reason=OK 
 headers={'Date': 'Sun, 25 May 2025 11:20:09 GMT', 'Content-Type': 'application/json', 'Transfer-Encoding': 'chunked', 'Connection': 'keep-alive', 'Access-Control-Allow-Origin': '*', 'Access-Control-Allow-Methods': 'GET, POST, DELETE, PUT', 'Access-Control-Allow-Headers': 'Content-Type, api_key, Authorization', 'Server': 'Jetty(9.2.9.v20150224)'} 
 body={"code":200,"type":"unknown","message":"9991"} 
 </msg>
<msg time="2025-05-25T14:20:09.073689" level="INFO">${response} = &lt;Response [200]&gt;</msg>
<var>${response}</var>
<arg>${PET_END_POINT}/${NEW_PET}[id]</arg>
<arg>expected_status=200</arg>
<doc>Sends a DELETE request.</doc>
<status status="PASS" start="2025-05-25T14:20:08.348447" elapsed="0.725260"/>
</kw>
<kw name="Should Contain" owner="BuiltIn">
<arg>${response.text}</arg>
<arg>${NEW_PET}[id]</arg>
<doc>Fails if ``container`` does not contain ``item`` one or more times.</doc>
<status status="PASS" start="2025-05-25T14:20:09.074098" elapsed="0.000583"/>
</kw>
<status status="PASS" start="2025-05-25T14:20:08.348138" elapsed="0.726595"/>
</kw>
<doc>Once deleted, the pet should no longer be retrievable from the store.</doc>
<tag>APIs</tag>
<status status="PASS" start="2025-05-25T14:20:08.347615" elapsed="0.727407"/>
</test>
<test id="s1-t5" name="Confirm The Pet Is No Longer Available" line="31">
<kw name="Verify The Pet No Longer Exists" owner="keywords">
<kw name="GET" owner="RequestsLibrary">
<msg time="2025-05-25T14:20:09.806866" level="INFO">GET Request : url=https://petstore.swagger.io/v2/pet/9991 
 path_url=/v2/pet/9991 
 headers={'User-Agent': 'python-requests/2.30.0', 'Accept-Encoding': 'gzip, deflate', 'Accept': '*/*', 'Connection': 'keep-alive'} 
 body=None 
 </msg>
<msg time="2025-05-25T14:20:09.807218" level="INFO">GET Response : url=https://petstore.swagger.io/v2/pet/9991 
 status=200, reason=OK 
 headers={'Date': 'Sun, 25 May 2025 11:20:09 GMT', 'Content-Type': 'application/json', 'Transfer-Encoding': 'chunked', 'Connection': 'keep-alive', 'Access-Control-Allow-Origin': '*', 'Access-Control-Allow-Methods': 'GET, POST, DELETE, PUT', 'Access-Control-Allow-Headers': 'Content-Type, api_key, Authorization', 'Server': 'Jetty(9.2.9.v20150224)'} 
 body={"id":9991,"category":{"id":0,"name":"dogs"},"name":"bero_updated","photoUrls":["https://example.com/photo.jpg"],"tags":[{"id":1,"name":"dog1"}],"status":"sold"} 
 </msg>
<msg time="2025-05-25T14:20:09.807455" level="FAIL">Url: https://petstore.swagger.io/v2/pet/9991 Expected status: 200 != 404</msg>
<var>${response}</var>
<arg>${PET_END_POINT}/${NEW_PET}[id]</arg>
<arg>expected_status=404</arg>
<doc>Sends a GET request.</doc>
<status status="FAIL" start="2025-05-25T14:20:09.076951" elapsed="0.733048">Url: https://petstore.swagger.io/v2/pet/9991 Expected status: 200 != 404</status>
</kw>
<kw name="Should Contain" owner="BuiltIn">
<arg>${response.text}</arg>
<arg>Pet not found</arg>
<doc>Fails if ``container`` does not contain ``item`` one or more times.</doc>
<status status="NOT RUN" start="2025-05-25T14:20:09.810147" elapsed="0.000021"/>
</kw>
<status status="FAIL" start="2025-05-25T14:20:09.076652" elapsed="0.733603">Url: https://petstore.swagger.io/v2/pet/9991 Expected status: 200 != 404</status>
</kw>
<doc>Trying to view a deleted pet should return an error.</doc>
<tag>APIs</tag>
<status status="FAIL" start="2025-05-25T14:20:09.076026" elapsed="0.734731">Url: https://petstore.swagger.io/v2/pet/9991 Expected status: 200 != 404</status>
</test>
<doc>This  File is to Test APIs of the pet store</doc>
<status status="FAIL" start="2025-05-25T14:20:06.049476" elapsed="3.762627"/>
</suite>
<statistics>
<total>
<stat pass="4" fail="1" skip="0">All Tests</stat>
</total>
<tag>
<stat pass="4" fail="1" skip="0">APIs</stat>
</tag>
<suite>
<stat name="Pet Api Tests" id="s1" pass="4" fail="1" skip="0">Pet Api Tests</stat>
</suite>
</statistics>
<errors>
</errors>
</robot>
