<?xml version="1.0" encoding="UTF-8"?>
<robot generator="Robot 7.2.2 (Python 3.13.3 on win32)" generated="2025-05-13T20:03:15.898496" rpa="false" schemaversion="5">
<suite id="s1" name="Api-Testing-Onboarding" source="C:\Users\fathi\Desktop\Siemens\Projects\api-testing-onboarding">
<suite id="s1-s1" name="Robot-Framework" source="C:\Users\fathi\Desktop\Siemens\Projects\api-testing-onboarding\robot-framework">
<suite id="s1-s1-s1" name="Tests" source="C:\Users\fathi\Desktop\Siemens\Projects\api-testing-onboarding\robot-framework\tests">
<suite id="s1-s1-s1-s1" name="Pet Api Tests" source="C:\Users\fathi\Desktop\Siemens\Projects\api-testing-onboarding\robot-framework\tests\pet_api_tests.robot">
<test id="s1-s1-s1-s1-t1" name="Add New Pet" line="11">
<kw name="Create Pet Payload" owner="keywords">
<kw name="Create Dictionary" owner="BuiltIn">
<msg time="2025-05-13T20:03:16.413368" level="INFO">&amp;{category} = { id=0 | name=dogs }</msg>
<var>&amp;{category}</var>
<arg>id=${category_id}</arg>
<arg>name=${category_name}</arg>
<doc>Creates and returns a dictionary based on the given ``items``.</doc>
<status status="PASS" start="2025-05-13T20:03:16.413055" elapsed="0.000355"/>
</kw>
<kw name="Create Dictionary" owner="BuiltIn">
<msg time="2025-05-13T20:03:16.413752" level="INFO">&amp;{tag} = { id=1 | name=dog1 }</msg>
<var>&amp;{tag}</var>
<arg>id=${tag_id}</arg>
<arg>name=${tag_name}</arg>
<doc>Creates and returns a dictionary based on the given ``items``.</doc>
<status status="PASS" start="2025-05-13T20:03:16.413527" elapsed="0.000253"/>
</kw>
<kw name="Create List" owner="BuiltIn">
<msg time="2025-05-13T20:03:16.414015" level="INFO">@{photo_urls} = [ https://st.depositphotos.com/1007630/2727/i/450/depositphotos_27276047-stock-photo-portrait-of-two-young-beauty.jpg ]</msg>
<var>@{photo_urls}</var>
<arg>${photo_url}</arg>
<doc>Returns a list containing given items.</doc>
<status status="PASS" start="2025-05-13T20:03:16.413873" elapsed="0.000165"/>
</kw>
<kw name="Create List" owner="BuiltIn">
<msg time="2025-05-13T20:03:16.414248" level="INFO">@{tags} = [ {'id': '1', 'name': 'dog1'} ]</msg>
<var>@{tags}</var>
<arg>${tag}</arg>
<doc>Returns a list containing given items.</doc>
<status status="PASS" start="2025-05-13T20:03:16.414118" elapsed="0.000153"/>
</kw>
<kw name="Create Dictionary" owner="BuiltIn">
<msg time="2025-05-13T20:03:16.414683" level="INFO">&amp;{pay_load} = { id=9991 | category={'id': '0', 'name': 'dogs'} | name=bero | photoUrls=['https://st.depositphotos.com/1007630/2727/i/450/depositphotos_27276047-stock-photo-portrait-of-two-young-beauty.jpg'] | tags=...</msg>
<var>&amp;{pay_load}</var>
<arg>id=${pet_id}</arg>
<arg>category=${category}</arg>
<arg>name=${pet_name}</arg>
<arg>photoUrls=${photo_urls}</arg>
<arg>tags=${tags}</arg>
<arg>status=${status}</arg>
<doc>Creates and returns a dictionary based on the given ``items``.</doc>
<status status="PASS" start="2025-05-13T20:03:16.414358" elapsed="0.000352"/>
</kw>
<kw name="Return From Keyword" owner="BuiltIn">
<msg time="2025-05-13T20:03:16.414883" level="INFO">Returning from the enclosing user keyword.</msg>
<arg>${pay_load}</arg>
<doc>Returns from the enclosing user keyword.</doc>
<status status="PASS" start="2025-05-13T20:03:16.414820" elapsed="0.000123"/>
</kw>
<msg time="2025-05-13T20:03:16.415092" level="INFO">&amp;{NEW_PET} = { id=9991 | category={'id': '0', 'name': 'dogs'} | name=bero | photoUrls=['https://st.depositphotos.com/1007630/2727/i/450/depositphotos_27276047-stock-photo-portrait-of-two-young-beauty.jpg'] | tags=...</msg>
<var>&amp;{NEW_PET}</var>
<arg>9991</arg>
<arg>0</arg>
<arg>dogs</arg>
<arg>bero</arg>
<arg>https://st.depositphotos.com/1007630/2727/i/450/depositphotos_27276047-stock-photo-portrait-of-two-young-beauty.jpg</arg>
<arg>1</arg>
<arg>dog1</arg>
<arg>available</arg>
<status status="PASS" start="2025-05-13T20:03:16.412488" elapsed="0.002629"/>
</kw>
<kw name="Set Global Variable" owner="BuiltIn">
<msg time="2025-05-13T20:03:16.415878" level="INFO">&amp;{NEW_PET} = { id=9991 | category={'id': '0', 'name': 'dogs'} | name=bero | photoUrls=['https://st.depositphotos.com/1007630/2727/i/450/depositphotos_27276047-stock-photo-portrait-of-two-young-beauty.jpg'] | tags=...</msg>
<arg>&amp;{NEW_PET}</arg>
<doc>Makes a variable available globally in all tests and suites.</doc>
<status status="PASS" start="2025-05-13T20:03:16.415618" elapsed="0.000302"/>
</kw>
<kw name="POST" owner="RequestsLibrary">
<msg time="2025-05-13T20:03:17.123821" level="INFO">POST Request : url=https://petstore.swagger.io/v2/pet 
 path_url=/v2/pet 
 headers={'User-Agent': 'python-requests/2.32.3', 'Accept-Encoding': 'gzip, deflate', 'Accept': '*/*', 'Connection': 'keep-alive', 'Content-Length': '267', 'Content-Type': 'application/json'} 
 body=b'{"id": "9991", "category": {"id": "0", "name": "dogs"}, "name": "bero", "photoUrls": ["https://st.depositphotos.com/1007630/2727/i/450/depositphotos_27276047-stock-photo-portrait-of-two-young-beauty.jpg"], "tags": [{"id": "1", "name": "dog1"}], "status": "available"}' 
 </msg>
<msg time="2025-05-13T20:03:17.124034" level="INFO">POST Response : url=https://petstore.swagger.io/v2/pet 
 status=200, reason=OK 
 headers={'Date': 'Tue, 13 May 2025 17:03:17 GMT', 'Content-Type': 'application/json', 'Transfer-Encoding': 'chunked', 'Connection': 'keep-alive', 'Access-Control-Allow-Origin': '*', 'Access-Control-Allow-Methods': 'GET, POST, DELETE, PUT', 'Access-Control-Allow-Headers': 'Content-Type, api_key, Authorization', 'Server': 'Jetty(9.2.9.v20150224)'} 
 body={"id":9991,"category":{"id":0,"name":"dogs"},"name":"bero","photoUrls":["https://st.depositphotos.com/1007630/2727/i/450/depositphotos_27276047-stock-photo-portrait-of-two-young-beauty.jpg"],"tags":[{"id":1,"name":"dog1"}],"status":"available"} 
 </msg>
<msg time="2025-05-13T20:03:17.124206" level="INFO">${payload_response} = &lt;Response [200]&gt;</msg>
<var>${payload_response}</var>
<arg>${PET_END_POINT}</arg>
<arg>json=${NEW_PET}</arg>
<arg>expected_status=200</arg>
<doc>Sends a POST request.</doc>
<status status="PASS" start="2025-05-13T20:03:16.416330" elapsed="0.707918"/>
</kw>
<kw name="Should Be Equal As Integers" owner="BuiltIn">
<msg time="2025-05-13T20:03:17.125214" level="INFO">Argument types are:
&lt;class 'int'&gt;
&lt;class 'str'&gt;</msg>
<arg>${payload_response.json()}[id]</arg>
<arg>${NEW_PET}[id]</arg>
<doc>Fails if objects are unequal after converting them to integers.</doc>
<status status="PASS" start="2025-05-13T20:03:17.124720" elapsed="0.000551"/>
</kw>
<doc>This Test Case Tests The POST Pet EndPoint</doc>
<tag>APIs</tag>
<status status="PASS" start="2025-05-13T20:03:16.411793" elapsed="0.713910"/>
</test>
<test id="s1-s1-s1-s1-t2" name="GET The New Pet" line="21">
<kw name="GET" owner="RequestsLibrary">
<msg time="2025-05-13T20:03:18.224612" level="INFO">GET Request : url=https://petstore.swagger.io/v2/pet/9991 
 path_url=/v2/pet/9991 
 headers={'User-Agent': 'python-requests/2.32.3', 'Accept-Encoding': 'gzip, deflate', 'Accept': '*/*', 'Connection': 'keep-alive'} 
 body=None 
 </msg>
<msg time="2025-05-13T20:03:18.224698" level="INFO">GET Response : url=https://petstore.swagger.io/v2/pet/9991 
 status=200, reason=OK 
 headers={'Date': 'Tue, 13 May 2025 17:03:18 GMT', 'Content-Type': 'application/json', 'Transfer-Encoding': 'chunked', 'Connection': 'keep-alive', 'Access-Control-Allow-Origin': '*', 'Access-Control-Allow-Methods': 'GET, POST, DELETE, PUT', 'Access-Control-Allow-Headers': 'Content-Type, api_key, Authorization', 'Server': 'Jetty(9.2.9.v20150224)'} 
 body={"id":9991,"category":{"id":0,"name":"dogs"},"name":"bero","photoUrls":["https://st.depositphotos.com/1007630/2727/i/450/depositphotos_27276047-stock-photo-portrait-of-two-young-beauty.jpg"],"tags":[{"id":1,"name":"dog1"}],"status":"available"} 
 </msg>
<msg time="2025-05-13T20:03:18.224807" level="INFO">${pet_response} = &lt;Response [200]&gt;</msg>
<var>${pet_response}</var>
<arg>${PET_END_POINT}/${NEW_PET}[id]</arg>
<arg>expected_status=200</arg>
<doc>Sends a GET request.</doc>
<status status="PASS" start="2025-05-13T20:03:17.127192" elapsed="1.097640"/>
</kw>
<kw name="Should Be Equal As Integers" owner="BuiltIn">
<msg time="2025-05-13T20:03:18.225787" level="INFO">Argument types are:
&lt;class 'int'&gt;
&lt;class 'str'&gt;</msg>
<arg>${pet_response.json()}[id]</arg>
<arg>${NEW_PET}[id]</arg>
<doc>Fails if objects are unequal after converting them to integers.</doc>
<status status="PASS" start="2025-05-13T20:03:18.225347" elapsed="0.000495"/>
</kw>
<kw name="Should Be Equal As Strings" owner="BuiltIn">
<arg>${pet_response.json()}[name]</arg>
<arg>${NEW_PET}[name]</arg>
<doc>Fails if objects are unequal after converting them to strings.</doc>
<status status="PASS" start="2025-05-13T20:03:18.226253" elapsed="0.000399"/>
</kw>
<doc>This Test Case Tests The GET Pet By Id Endpoint</doc>
<tag>APIs</tag>
<status status="PASS" start="2025-05-13T20:03:17.126713" elapsed="1.100361"/>
</test>
<test id="s1-s1-s1-s1-t3" name="Update The Pet" line="28">
<kw name="Create Pet Payload" owner="keywords">
<kw name="Create Dictionary" owner="BuiltIn">
<msg time="2025-05-13T20:03:18.229122" level="INFO">&amp;{category} = { id=0 | name=dogs }</msg>
<var>&amp;{category}</var>
<arg>id=${category_id}</arg>
<arg>name=${category_name}</arg>
<doc>Creates and returns a dictionary based on the given ``items``.</doc>
<status status="PASS" start="2025-05-13T20:03:18.228895" elapsed="0.000259"/>
</kw>
<kw name="Create Dictionary" owner="BuiltIn">
<msg time="2025-05-13T20:03:18.229451" level="INFO">&amp;{tag} = { id=1 | name=dog1 }</msg>
<var>&amp;{tag}</var>
<arg>id=${tag_id}</arg>
<arg>name=${tag_name}</arg>
<doc>Creates and returns a dictionary based on the given ``items``.</doc>
<status status="PASS" start="2025-05-13T20:03:18.229246" elapsed="0.000230"/>
</kw>
<kw name="Create List" owner="BuiltIn">
<msg time="2025-05-13T20:03:18.229696" level="INFO">@{photo_urls} = [ https://st.depositphotos.com/1007630/2727/i/450/depositphotos_27276047-stock-photo-portrait-of-two-young-beauty.jpg ]</msg>
<var>@{photo_urls}</var>
<arg>${photo_url}</arg>
<doc>Returns a list containing given items.</doc>
<status status="PASS" start="2025-05-13T20:03:18.229561" elapsed="0.000159"/>
</kw>
<kw name="Create List" owner="BuiltIn">
<msg time="2025-05-13T20:03:18.229933" level="INFO">@{tags} = [ {'id': '1', 'name': 'dog1'} ]</msg>
<var>@{tags}</var>
<arg>${tag}</arg>
<doc>Returns a list containing given items.</doc>
<status status="PASS" start="2025-05-13T20:03:18.229808" elapsed="0.000147"/>
</kw>
<kw name="Create Dictionary" owner="BuiltIn">
<msg time="2025-05-13T20:03:18.230355" level="INFO">&amp;{pay_load} = { id=9991 | category={'id': '0', 'name': 'dogs'} | name=bero_updated | photoUrls=['https://st.depositphotos.com/1007630/2727/i/450/depositphotos_27276047-stock-photo-portrait-of-two-young-beauty.jpg']...</msg>
<var>&amp;{pay_load}</var>
<arg>id=${pet_id}</arg>
<arg>category=${category}</arg>
<arg>name=${pet_name}</arg>
<arg>photoUrls=${photo_urls}</arg>
<arg>tags=${tags}</arg>
<arg>status=${status}</arg>
<doc>Creates and returns a dictionary based on the given ``items``.</doc>
<status status="PASS" start="2025-05-13T20:03:18.230040" elapsed="0.000345"/>
</kw>
<kw name="Return From Keyword" owner="BuiltIn">
<msg time="2025-05-13T20:03:18.230536" level="INFO">Returning from the enclosing user keyword.</msg>
<arg>${pay_load}</arg>
<doc>Returns from the enclosing user keyword.</doc>
<status status="PASS" start="2025-05-13T20:03:18.230481" elapsed="0.000108"/>
</kw>
<msg time="2025-05-13T20:03:18.230738" level="INFO">&amp;{UPDATED_PET} = { id=9991 | category={'id': '0', 'name': 'dogs'} | name=bero_updated | photoUrls=['https://st.depositphotos.com/1007630/2727/i/450/depositphotos_27276047-stock-photo-portrait-of-two-young-beauty.jpg']...</msg>
<var>&amp;{UPDATED_PET}</var>
<arg>${NEW_PET}[id]</arg>
<arg>0</arg>
<arg>dogs</arg>
<arg>bero_updated</arg>
<arg>https://st.depositphotos.com/1007630/2727/i/450/depositphotos_27276047-stock-photo-portrait-of-two-young-beauty.jpg</arg>
<arg>1</arg>
<arg>dog1</arg>
<arg>sold</arg>
<status status="PASS" start="2025-05-13T20:03:18.228557" elapsed="0.002205"/>
</kw>
<kw name="Set Global Variable" owner="BuiltIn">
<msg time="2025-05-13T20:03:18.231413" level="INFO">&amp;{NEW_PET} = { id=9991 | category={'id': '0', 'name': 'dogs'} | name=bero_updated | photoUrls=['https://st.depositphotos.com/1007630/2727/i/450/depositphotos_27276047-stock-photo-portrait-of-two-young-beauty.jpg']...</msg>
<arg>&amp;{NEW_PET}</arg>
<arg>&amp;{UPDATED_PET}</arg>
<doc>Makes a variable available globally in all tests and suites.</doc>
<status status="PASS" start="2025-05-13T20:03:18.231124" elapsed="0.000334"/>
</kw>
<kw name="PUT" owner="RequestsLibrary">
<msg time="2025-05-13T20:03:19.091140" level="INFO">PUT Request : url=https://petstore.swagger.io/v2/pet 
 path_url=/v2/pet 
 headers={'User-Agent': 'python-requests/2.32.3', 'Accept-Encoding': 'gzip, deflate', 'Accept': '*/*', 'Connection': 'keep-alive', 'Content-Length': '270', 'Content-Type': 'application/json'} 
 body=b'{"id": "9991", "category": {"id": "0", "name": "dogs"}, "name": "bero_updated", "photoUrls": ["https://st.depositphotos.com/1007630/2727/i/450/depositphotos_27276047-stock-photo-portrait-of-two-young-beauty.jpg"], "tags": [{"id": "1", "name": "dog1"}], "status": "sold"}' 
 </msg>
<msg time="2025-05-13T20:03:19.091217" level="INFO">PUT Response : url=https://petstore.swagger.io/v2/pet 
 status=200, reason=OK 
 headers={'Date': 'Tue, 13 May 2025 17:03:19 GMT', 'Content-Type': 'application/json', 'Transfer-Encoding': 'chunked', 'Connection': 'keep-alive', 'Access-Control-Allow-Origin': '*', 'Access-Control-Allow-Methods': 'GET, POST, DELETE, PUT', 'Access-Control-Allow-Headers': 'Content-Type, api_key, Authorization', 'Server': 'Jetty(9.2.9.v20150224)'} 
 body={"id":9991,"category":{"id":0,"name":"dogs"},"name":"bero_updated","photoUrls":["https://st.depositphotos.com/1007630/2727/i/450/depositphotos_27276047-stock-photo-portrait-of-two-young-beauty.jpg"],"tags":[{"id":1,"name":"dog1"}],"status":"sold"} 
 </msg>
<msg time="2025-05-13T20:03:19.091360" level="INFO">${update_response} = &lt;Response [200]&gt;</msg>
<var>${update_response}</var>
<arg>${PET_END_POINT}</arg>
<arg>json=${UPDATED_PET}</arg>
<arg>expected_status=200</arg>
<doc>Sends a PUT request.</doc>
<status status="PASS" start="2025-05-13T20:03:18.231794" elapsed="0.859594"/>
</kw>
<kw name="Should Be Equal As Integers" owner="BuiltIn">
<msg time="2025-05-13T20:03:19.092315" level="INFO">Argument types are:
&lt;class 'int'&gt;
&lt;class 'str'&gt;</msg>
<arg>${update_response.json()}[id]</arg>
<arg>${UPDATED_PET}[id]</arg>
<doc>Fails if objects are unequal after converting them to integers.</doc>
<status status="PASS" start="2025-05-13T20:03:19.091893" elapsed="0.000474"/>
</kw>
<kw name="Should Be Equal As Strings" owner="BuiltIn">
<arg>${update_response.json()}[name]</arg>
<arg>bero_updated</arg>
<doc>Fails if objects are unequal after converting them to strings.</doc>
<status status="PASS" start="2025-05-13T20:03:19.092712" elapsed="0.000364"/>
</kw>
<kw name="Should Be Equal As Strings" owner="BuiltIn">
<arg>${update_response.json()}[status]</arg>
<arg>sold</arg>
<doc>Fails if objects are unequal after converting them to strings.</doc>
<status status="PASS" start="2025-05-13T20:03:19.093466" elapsed="0.000496"/>
</kw>
<doc>This Test Case Tests The PUT Pet Endpoint</doc>
<tag>APIs</tag>
<status status="PASS" start="2025-05-13T20:03:18.228081" elapsed="0.866288"/>
</test>
<test id="s1-s1-s1-s1-t4" name="Delete The Pet" line="40">
<kw name="DELETE" owner="RequestsLibrary">
<msg time="2025-05-13T20:03:19.880174" level="INFO">DELETE Request : url=https://petstore.swagger.io/v2/pet/9991 
 path_url=/v2/pet/9991 
 headers={'User-Agent': 'python-requests/2.32.3', 'Accept-Encoding': 'gzip, deflate', 'Accept': '*/*', 'Connection': 'keep-alive', 'Content-Length': '0'} 
 body=None 
 </msg>
<msg time="2025-05-13T20:03:19.880246" level="INFO">DELETE Response : url=https://petstore.swagger.io/v2/pet/9991 
 status=200, reason=OK 
 headers={'Date': 'Tue, 13 May 2025 17:03:19 GMT', 'Content-Type': 'application/json', 'Transfer-Encoding': 'chunked', 'Connection': 'keep-alive', 'Access-Control-Allow-Origin': '*', 'Access-Control-Allow-Methods': 'GET, POST, DELETE, PUT', 'Access-Control-Allow-Headers': 'Content-Type, api_key, Authorization', 'Server': 'Jetty(9.2.9.v20150224)'} 
 body={"code":200,"type":"unknown","message":"9991"} 
 </msg>
<msg time="2025-05-13T20:03:19.880717" level="INFO">${delete_response} = &lt;Response [200]&gt;</msg>
<var>${delete_response}</var>
<arg>${PET_END_POINT}/${NEW_PET}[id]</arg>
<arg>expected_status=200</arg>
<doc>Sends a DELETE request.</doc>
<status status="PASS" start="2025-05-13T20:03:19.096336" elapsed="0.784408"/>
</kw>
<kw name="Should Contain" owner="BuiltIn">
<arg>${delete_response.text}</arg>
<arg>${NEW_PET}[id]</arg>
<doc>Fails if ``container`` does not contain ``item`` one or more times.</doc>
<status status="PASS" start="2025-05-13T20:03:19.881224" elapsed="0.000407"/>
</kw>
<doc>This Test Case Tests The DELETE Pet By Id Endpoint</doc>
<tag>APIs</tag>
<status status="PASS" start="2025-05-13T20:03:19.095314" elapsed="0.786738"/>
</test>
<test id="s1-s1-s1-s1-t5" name="Verify Pet Is Deleted" line="46">
<kw name="GET" owner="RequestsLibrary">
<msg time="2025-05-13T20:03:20.846921" level="INFO">GET Request : url=https://petstore.swagger.io/v2/pet/9991 
 path_url=/v2/pet/9991 
 headers={'User-Agent': 'python-requests/2.32.3', 'Accept-Encoding': 'gzip, deflate', 'Accept': '*/*', 'Connection': 'keep-alive'} 
 body=None 
 </msg>
<msg time="2025-05-13T20:03:20.846996" level="INFO">GET Response : url=https://petstore.swagger.io/v2/pet/9991 
 status=404, reason=Not Found 
 headers={'Date': 'Tue, 13 May 2025 17:03:20 GMT', 'Content-Type': 'application/json', 'Transfer-Encoding': 'chunked', 'Connection': 'keep-alive', 'Access-Control-Allow-Origin': '*', 'Access-Control-Allow-Methods': 'GET, POST, DELETE, PUT', 'Access-Control-Allow-Headers': 'Content-Type, api_key, Authorization', 'Server': 'Jetty(9.2.9.v20150224)'} 
 body={"code":1,"type":"error","message":"Pet not found"} 
 </msg>
<msg time="2025-05-13T20:03:20.847100" level="INFO">${response} = &lt;Response [404]&gt;</msg>
<var>${response}</var>
<arg>${PET_END_POINT}/${NEW_PET}[id]</arg>
<arg>expected_status=404</arg>
<doc>Sends a GET request.</doc>
<status status="PASS" start="2025-05-13T20:03:19.883636" elapsed="0.963488"/>
</kw>
<kw name="Should Contain" owner="BuiltIn">
<arg>${response.text}</arg>
<arg>Pet not found</arg>
<doc>Fails if ``container`` does not contain ``item`` one or more times.</doc>
<status status="PASS" start="2025-05-13T20:03:20.847835" elapsed="0.000453"/>
</kw>
<doc>This Test Case Verifies That Deleted Pet Cannot Be Retrieved</doc>
<tag>APIs</tag>
<status status="PASS" start="2025-05-13T20:03:19.883139" elapsed="0.965560"/>
</test>
<doc>This  File is to Test APIs of the pet store</doc>
<status status="PASS" start="2025-05-13T20:03:15.927441" elapsed="4.922691"/>
</suite>
<status status="PASS" start="2025-05-13T20:03:15.926184" elapsed="4.925401"/>
</suite>
<status status="PASS" start="2025-05-13T20:03:15.924819" elapsed="4.927799"/>
</suite>
<status status="PASS" start="2025-05-13T20:03:15.899892" elapsed="4.953466"/>
</suite>
<statistics>
<total>
<stat pass="5" fail="0" skip="0">All Tests</stat>
</total>
<tag>
<stat pass="5" fail="0" skip="0">APIs</stat>
</tag>
<suite>
<stat name="Api-Testing-Onboarding" id="s1" pass="5" fail="0" skip="0">Api-Testing-Onboarding</stat>
<stat name="Robot-Framework" id="s1-s1" pass="5" fail="0" skip="0">Api-Testing-Onboarding.Robot-Framework</stat>
<stat name="Tests" id="s1-s1-s1" pass="5" fail="0" skip="0">Api-Testing-Onboarding.Robot-Framework.Tests</stat>
<stat name="Pet Api Tests" id="s1-s1-s1-s1" pass="5" fail="0" skip="0">Api-Testing-Onboarding.Robot-Framework.Tests.Pet Api Tests</stat>
</suite>
</statistics>
<errors>
</errors>
</robot>
